<?xml version="1.0" encoding="UTF-8"?>
<testng-results ignored="0" total="1" passed="1" failed="0" skipped="0">
  <reporter-output>
  </reporter-output>
  <suite started-at="2020-10-11T11:39:52 IST" name="Suite" finished-at="2020-10-11T11:40:46 IST" duration-ms="54223">
    <groups>
    </groups>
    <test started-at="2020-10-11T11:39:52 IST" name="Test" finished-at="2020-10-11T11:40:46 IST" duration-ms="54223">
      <class name="currentDateData.DatePickerForBroadBandTest">
        <test-method signature="datePicker()[pri:0, instance:currentDateData.DatePickerForBroadBandTest@3901d134]" started-at="2020-10-11T11:39:52 IST" name="datePicker" finished-at="2020-10-11T11:40:46 IST" duration-ms="54114" status="PASS">
          <reporter-output>
          </reporter-output>
        </test-method> <!-- datePicker -->
      </class> <!-- currentDateData.DatePickerForBroadBandTest -->
    </test> <!-- Test -->
  </suite> <!-- Suite -->
</testng-results>
